<?xml version="1.0" encoding="UTF-8"?>
<!-- Generated by org.testng.reporters.JUnitReportReporter -->
<testsuite hostname="ssd" name="SelPackage.SeleniumClass" tests="1" failures="0" timestamp="12 Aug 2019 16:50:36 GMT" time="24.328" errors="0">
  <testcase name="test" time="24.328" classname="SelPackage.SeleniumClass"/>
</testsuite> <!-- SelPackage.SeleniumClass -->
